

*******************************************************************************
Mon Aug 25 17:55:12 2014


FIT:    data read from "x_1.dat" using 1:2:4
        format = x:z:s
        #datapoints = 9
function used for fitting: f(x)
fitted parameters initialized with current variable values



 Iteration 0
 WSSR        : 71054             delta(WSSR)/WSSR   : 0
 delta(WSSR) : 0                 limit for stopping : 1e-05
 lambda	  : 87.6546

initial set of free parameter values

m               = 1
b               = 1

After 4 iterations the fit converged.
final sum of squares of residuals : 3.43966
rel. change during last iteration : -1.01979e-06

degrees of freedom    (FIT_NDF)                        : 7
rms of residuals      (FIT_STDFIT) = sqrt(WSSR/ndf)    : 0.700985
variance of residuals (reduced chisquare) = WSSR/ndf   : 0.49138

Final set of parameters            Asymptotic Standard Error
=======================            ==========================

m               = 0.290341         +/- 0.001894     (0.6523%)
b               = -0.0380049       +/- 0.0234       (61.57%)


correlation matrix of the fit parameters:

               m      b      
m               1.000 
b              -0.054  1.000 
