

*******************************************************************************
Mon Aug 18 15:00:36 2014


FIT:    data read from "Wiederstand.dat" using 1:2
        format = x:z
        x range restricted to [0.00000 : 0.00800000]
        #datapoints = 7
        residuals are weighted equally (unit weight)

function used for fitting: f(x)
fitted parameters initialized with current variable values



 Iteration 0
 WSSR        : 0.812145          delta(WSSR)/WSSR   : 0
 delta(WSSR) : 0                 limit for stopping : 1e-05
 lambda	  : 0.707107

initial set of free parameter values

m               = 1
b               = 1

After 7 iterations the fit converged.
final sum of squares of residuals : 0.000343713
rel. change during last iteration : -2.41025e-07

degrees of freedom    (FIT_NDF)                        : 5
rms of residuals      (FIT_STDFIT) = sqrt(WSSR/ndf)    : 0.00829111
variance of residuals (reduced chisquare) = WSSR/ndf   : 6.87425e-05

Final set of parameters            Asymptotic Standard Error
=======================            ==========================

m               = -1940.12         +/- 24.01        (1.237%)
b               = 1.49347          +/- 0.009451     (0.6328%)


correlation matrix of the fit parameters:

               m      b      
m               1.000 
b              -0.943  1.000 


*******************************************************************************
Mon Aug 18 15:02:21 2014


FIT:    data read from "Wiederstand.dat" using 1:2
        format = x:z
        x range restricted to [0.00000 : 0.00800000]
        #datapoints = 7
        residuals are weighted equally (unit weight)

function used for fitting: f(x)
fitted parameters initialized with current variable values



 Iteration 0
 WSSR        : 0.812145          delta(WSSR)/WSSR   : 0
 delta(WSSR) : 0                 limit for stopping : 1e-05
 lambda	  : 0.707107

initial set of free parameter values

m               = 1
b               = 1

After 7 iterations the fit converged.
final sum of squares of residuals : 0.000343713
rel. change during last iteration : -2.41025e-07

degrees of freedom    (FIT_NDF)                        : 5
rms of residuals      (FIT_STDFIT) = sqrt(WSSR/ndf)    : 0.00829111
variance of residuals (reduced chisquare) = WSSR/ndf   : 6.87425e-05

Final set of parameters            Asymptotic Standard Error
=======================            ==========================

m               = -1940.12         +/- 24.01        (1.237%)
b               = 1.49347          +/- 0.009451     (0.6328%)


correlation matrix of the fit parameters:

               m      b      
m               1.000 
b              -0.943  1.000 


*******************************************************************************
Mon Aug 18 15:08:07 2014


FIT:    data read from "Wiederstand.dat" using 1:2
        format = x:z
        x range restricted to [0.00000 : 0.00800000]
        #datapoints = 7
        residuals are weighted equally (unit weight)

function used for fitting: f(x)
fitted parameters initialized with current variable values



 Iteration 0
 WSSR        : 0.812145          delta(WSSR)/WSSR   : 0
 delta(WSSR) : 0                 limit for stopping : 1e-05
 lambda	  : 0.707107

initial set of free parameter values

m               = 1
b               = 1

After 7 iterations the fit converged.
final sum of squares of residuals : 0.000343713
rel. change during last iteration : -2.41025e-07

degrees of freedom    (FIT_NDF)                        : 5
rms of residuals      (FIT_STDFIT) = sqrt(WSSR/ndf)    : 0.00829111
variance of residuals (reduced chisquare) = WSSR/ndf   : 6.87425e-05

Final set of parameters            Asymptotic Standard Error
=======================            ==========================

m               = -1940.12         +/- 24.01        (1.237%)
b               = 1.49347          +/- 0.009451     (0.6328%)


correlation matrix of the fit parameters:

               m      b      
m               1.000 
b              -0.943  1.000 


*******************************************************************************
Mon Aug 18 15:10:23 2014


FIT:    data read from "Wiederstand.dat" using 1:2
        format = x:z
        x range restricted to [0.00000 : 0.00800000]
        #datapoints = 7
        residuals are weighted equally (unit weight)

function used for fitting: f(x)
fitted parameters initialized with current variable values



 Iteration 0
 WSSR        : 0.812145          delta(WSSR)/WSSR   : 0
 delta(WSSR) : 0                 limit for stopping : 1e-05
 lambda	  : 0.707107

initial set of free parameter values

m               = 1
b               = 1

After 7 iterations the fit converged.
final sum of squares of residuals : 0.000343713
rel. change during last iteration : -2.41025e-07

degrees of freedom    (FIT_NDF)                        : 5
rms of residuals      (FIT_STDFIT) = sqrt(WSSR/ndf)    : 0.00829111
variance of residuals (reduced chisquare) = WSSR/ndf   : 6.87425e-05

Final set of parameters            Asymptotic Standard Error
=======================            ==========================

m               = -1940.12         +/- 24.01        (1.237%)
b               = 1.49347          +/- 0.009451     (0.6328%)


correlation matrix of the fit parameters:

               m      b      
m               1.000 
b              -0.943  1.000 


*******************************************************************************
Mon Aug 18 15:10:37 2014


FIT:    data read from "Wiederstand.dat" using 1:2
        format = x:z
        x range restricted to [0.00000 : 0.00800000]
        #datapoints = 7
        residuals are weighted equally (unit weight)

function used for fitting: f(x)
fitted parameters initialized with current variable values



 Iteration 0
 WSSR        : 0.812145          delta(WSSR)/WSSR   : 0
 delta(WSSR) : 0                 limit for stopping : 1e-05
 lambda	  : 0.707107

initial set of free parameter values

m               = 1
b               = 1

After 7 iterations the fit converged.
final sum of squares of residuals : 0.000343713
rel. change during last iteration : -2.41025e-07

degrees of freedom    (FIT_NDF)                        : 5
rms of residuals      (FIT_STDFIT) = sqrt(WSSR/ndf)    : 0.00829111
variance of residuals (reduced chisquare) = WSSR/ndf   : 6.87425e-05

Final set of parameters            Asymptotic Standard Error
=======================            ==========================

m               = -1940.12         +/- 24.01        (1.237%)
b               = 1.49347          +/- 0.009451     (0.6328%)


correlation matrix of the fit parameters:

               m      b      
m               1.000 
b              -0.943  1.000 
